{
    "numFailedTestSuites": 0,
    "numFailedTests": 0,
    "numPassedTestSuites": 1,
    "numPassedTests": 3,
    "numPendingTestSuites": 0,
    "numPendingTests": 0,
    "numRuntimeErrorTestSuites": 0,
    "numTodoTests": 0,
    "numTotalTestSuites": 1,
    "numTotalTests": 3,
    "openHandles": [],
    "snapshot": {
        "added": 0,
        "didUpdate": false,
        "failure": false,
        "filesAdded": 0,
        "filesRemoved": 0,
        "filesRemovedList": [],
        "filesUnmatched": 0,
        "filesUpdated": 0,
        "matched": 0,
        "total": 0,
        "unchecked": 0,
        "uncheckedKeysByFile": [],
        "unmatched": 0,
        "updated": 0
    },
    "startTime": 1762415674599,
    "success": true,
    "testResults": [
        {
            "assertionResults": [
                {
                    "ancestorTitles": [
                        "Login (Super Admin)"
                    ],
                    "duration": 868,
                    "failureDetails": [],
                    "failureMessages": [],
                    "fullName": "Login (Super Admin) renders both inputs",
                    "invocations": 1,
                    "location": null,
                    "numPassingAsserts": 2,
                    "retryReasons": [],
                    "status": "passed",
                    "title": "renders both inputs"
                },
                {
                    "ancestorTitles": [
                        "Login (Super Admin)"
                    ],
                    "duration": 52,
                    "failureDetails": [],
                    "failureMessages": [],
                    "fullName": "Login (Super Admin) disables submit button when inputs are empty",
                    "invocations": 1,
                    "location": null,
                    "numPassingAsserts": 1,
                    "retryReasons": [],
                    "status": "passed",
                    "title": "disables submit button when inputs are empty"
                },
                {
                    "ancestorTitles": [
                        "Login (Super Admin)"
                    ],
                    "duration": 110,
                    "failureDetails": [],
                    "failureMessages": [],
                    "fullName": "Login (Super Admin) submits when both fields filled (calls API)",
                    "invocations": 1,
                    "location": null,
                    "numPassingAsserts": 1,
                    "retryReasons": [],
                    "status": "passed",
                    "title": "submits when both fields filled (calls API)"
                }
            ],
            "endTime": 1762415692403,
            "message": "",
            "name": "C:\\Users\\coder-i-am\\Desktop\\React-App\\msuper-react-expo-app\\frontend\\app\\super-admin\\login.test.tsx",
            "startTime": 1762415679741,
            "status": "passed",
            "summary": ""
        }
    ],
    "wasInterrupted": false
}